2014-09-08 15:58:24.258 RapPadMobile[56031:70b] Multi-tasking -> Device: YES, App: YES
2014-09-08 15:58:24.450 RapPadMobile[56031:70b] Unlimited access to network resources
2014-09-08 15:58:24.460 RapPadMobile[56031:70b] 

Started backup to iCloud! Please be careful.
Your application might rejected by Apple if you store too much data.
For more information please read "iOS Data Storage Guidelines"
You could find it at the following address https://developer.apple.com/icloud/documentation/data-storage/ .

2014-09-08 15:58:24.976 RapPadMobile[56031:70b] Resetting plugins due to page load.
2014-09-08 15:58:25.262 RapPadMobile[56031:70b] Finished load of: file:///Users/amirsharif/Library/Application%20Support/iPhone%20Simulator/7.1/Applications/BA2D476A-6B84-44B8-8CB4-A67E41B44660/RapPadMobile.app/www/index.html
2014-09-08 15:59:06.625 RapPadMobile[56144:70b] Multi-tasking -> Device: YES, App: YES
2014-09-08 15:59:06.632 RapPadMobile[56144:70b] Unlimited access to network resources
2014-09-08 15:59:06.635 RapPadMobile[56144:70b] 

Started backup to iCloud! Please be careful.
Your application might rejected by Apple if you store too much data.
For more information please read "iOS Data Storage Guidelines"
You could find it at the following address https://developer.apple.com/icloud/documentation/data-storage/ .

2014-09-08 15:59:06.701 RapPadMobile[56144:70b] Resetting plugins due to page load.
2014-09-08 15:59:06.786 RapPadMobile[56144:70b] Finished load of: file:///Users/amirsharif/Library/Application%20Support/iPhone%20Simulator/7.1/Applications/BA2D476A-6B84-44B8-8CB4-A67E41B44660/RapPadMobile.app/www/index.html
2014-09-08 16:18:57.546 RapPadMobile[56425:70b] Multi-tasking -> Device: YES, App: YES
2014-09-08 16:18:57.553 RapPadMobile[56425:70b] Unlimited access to network resources
2014-09-08 16:18:57.556 RapPadMobile[56425:70b] 

Started backup to iCloud! Please be careful.
Your application might rejected by Apple if you store too much data.
For more information please read "iOS Data Storage Guidelines"
You could find it at the following address https://developer.apple.com/icloud/documentation/data-storage/ .

2014-09-08 16:18:57.642 RapPadMobile[56425:70b] Resetting plugins due to page load.
2014-09-08 16:18:57.759 RapPadMobile[56425:70b] Finished load of: file:///Users/amirsharif/Library/Application%20Support/iPhone%20Simulator/7.1/Applications/BA2D476A-6B84-44B8-8CB4-A67E41B44660/RapPadMobile.app/www/index.html
2014-09-08 16:20:07.488 RapPadMobile[56541:70b] Multi-tasking -> Device: YES, App: YES
2014-09-08 16:20:07.495 RapPadMobile[56541:70b] Unlimited access to network resources
2014-09-08 16:20:07.499 RapPadMobile[56541:70b] 

Started backup to iCloud! Please be careful.
Your application might rejected by Apple if you store too much data.
For more information please read "iOS Data Storage Guidelines"
You could find it at the following address https://developer.apple.com/icloud/documentation/data-storage/ .

2014-09-08 16:20:07.623 RapPadMobile[56541:70b] Resetting plugins due to page load.
2014-09-08 16:20:07.725 RapPadMobile[56541:70b] Finished load of: file:///Users/amirsharif/Library/Application%20Support/iPhone%20Simulator/7.1/Applications/BA2D476A-6B84-44B8-8CB4-A67E41B44660/RapPadMobile.app/www/index.html
2014-09-08 16:20:33.880 RapPadMobile[56648:70b] Multi-tasking -> Device: YES, App: YES
2014-09-08 16:20:33.886 RapPadMobile[56648:70b] Unlimited access to network resources
2014-09-08 16:20:33.889 RapPadMobile[56648:70b] 

Started backup to iCloud! Please be careful.
Your application might rejected by Apple if you store too much data.
For more information please read "iOS Data Storage Guidelines"
You could find it at the following address https://developer.apple.com/icloud/documentation/data-storage/ .

2014-09-08 16:20:34.010 RapPadMobile[56648:70b] Resetting plugins due to page load.
2014-09-08 16:20:34.102 RapPadMobile[56648:70b] Finished load of: file:///Users/amirsharif/Library/Application%20Support/iPhone%20Simulator/7.1/Applications/8D2E6B6A-B8CB-41CD-88F6-52245894FC71/RapPadMobile.app/www/index.html
2014-09-08 16:21:17.221 RapPadMobile[56758:70b] Multi-tasking -> Device: YES, App: YES
2014-09-08 16:21:17.227 RapPadMobile[56758:70b] Unlimited access to network resources
2014-09-08 16:21:17.230 RapPadMobile[56758:70b] 

Started backup to iCloud! Please be careful.
Your application might rejected by Apple if you store too much data.
For more information please read "iOS Data Storage Guidelines"
You could find it at the following address https://developer.apple.com/icloud/documentation/data-storage/ .

2014-09-08 16:21:17.345 RapPadMobile[56758:70b] Resetting plugins due to page load.
2014-09-08 16:21:17.448 RapPadMobile[56758:70b] Finished load of: file:///Users/amirsharif/Library/Application%20Support/iPhone%20Simulator/7.1/Applications/8D2E6B6A-B8CB-41CD-88F6-52245894FC71/RapPadMobile.app/www/index.html
2014-09-08 16:21:31.616 RapPadMobile[56864:70b] Multi-tasking -> Device: YES, App: YES
2014-09-08 16:21:31.623 RapPadMobile[56864:70b] Unlimited access to network resources
2014-09-08 16:21:31.626 RapPadMobile[56864:70b] 

Started backup to iCloud! Please be careful.
Your application might rejected by Apple if you store too much data.
For more information please read "iOS Data Storage Guidelines"
You could find it at the following address https://developer.apple.com/icloud/documentation/data-storage/ .

2014-09-08 16:21:31.750 RapPadMobile[56864:70b] Resetting plugins due to page load.
2014-09-08 16:21:31.843 RapPadMobile[56864:70b] Finished load of: file:///Users/amirsharif/Library/Application%20Support/iPhone%20Simulator/7.1/Applications/FB7723BE-4BEC-4F9F-894D-0FDE1E3243E4/RapPadMobile.app/www/index.html
2014-09-08 16:23:42.761 RapPadMobile[56987:70b] Multi-tasking -> Device: YES, App: YES
2014-09-08 16:23:42.768 RapPadMobile[56987:70b] Unlimited access to network resources
2014-09-08 16:23:42.771 RapPadMobile[56987:70b] 

Started backup to iCloud! Please be careful.
Your application might rejected by Apple if you store too much data.
For more information please read "iOS Data Storage Guidelines"
You could find it at the following address https://developer.apple.com/icloud/documentation/data-storage/ .

2014-09-08 16:23:42.976 RapPadMobile[56987:70b] Resetting plugins due to page load.
2014-09-08 16:23:43.083 RapPadMobile[56987:70b] Finished load of: file:///Users/amirsharif/Library/Application%20Support/iPhone%20Simulator/7.1/Applications/FB7723BE-4BEC-4F9F-894D-0FDE1E3243E4/RapPadMobile.app/www/index.html
2014-09-08 16:24:06.590 RapPadMobile[57100:70b] Multi-tasking -> Device: YES, App: YES
2014-09-08 16:24:06.597 RapPadMobile[57100:70b] Unlimited access to network resources
2014-09-08 16:24:06.600 RapPadMobile[57100:70b] 

Started backup to iCloud! Please be careful.
Your application might rejected by Apple if you store too much data.
For more information please read "iOS Data Storage Guidelines"
You could find it at the following address https://developer.apple.com/icloud/documentation/data-storage/ .

2014-09-08 16:24:06.661 RapPadMobile[57100:70b] Resetting plugins due to page load.
2014-09-08 16:24:06.745 RapPadMobile[57100:70b] Finished load of: file:///Users/amirsharif/Library/Application%20Support/iPhone%20Simulator/7.1/Applications/FB7723BE-4BEC-4F9F-894D-0FDE1E3243E4/RapPadMobile.app/www/index.html
2014-09-08 16:25:25.822 RapPadMobile[57294:70b] Multi-tasking -> Device: YES, App: YES
2014-09-08 16:25:25.829 RapPadMobile[57294:70b] Unlimited access to network resources
2014-09-08 16:25:25.832 RapPadMobile[57294:70b] 

Started backup to iCloud! Please be careful.
Your application might rejected by Apple if you store too much data.
For more information please read "iOS Data Storage Guidelines"
You could find it at the following address https://developer.apple.com/icloud/documentation/data-storage/ .

2014-09-08 16:25:26.008 RapPadMobile[57294:70b] Resetting plugins due to page load.
2014-09-08 16:25:26.131 RapPadMobile[57294:70b] Finished load of: file:///Users/amirsharif/Library/Application%20Support/iPhone%20Simulator/7.1/Applications/E29F6C9B-2F43-432C-9F80-C38215B6C837/RapPadMobile.app/www/index.html
2014-09-08 16:26:33.520 Rappad[57427:70b] Multi-tasking -> Device: YES, App: YES
2014-09-08 16:26:33.528 Rappad[57427:70b] Unlimited access to network resources
2014-09-08 16:26:33.536 Rappad[57427:70b] Fix applied for database locations?: YES
2014-09-08 16:26:33.537 Rappad[57427:70b] 

Started backup to iCloud! Please be careful.
Your application might rejected by Apple if you store too much data.
For more information please read "iOS Data Storage Guidelines"
You could find it at the following address https://developer.apple.com/icloud/documentation/data-storage/ .

2014-09-08 16:26:33.675 Rappad[57427:70b] Resetting plugins due to page load.
2014-09-08 16:26:33.799 Rappad[57427:70b] Finished load of: file:///Users/amirsharif/Library/Application%20Support/iPhone%20Simulator/7.1/Applications/1788E40C-6B9E-4271-B0C7-621CA7CBF9E6/Rappad.app/www/index.html
2014-09-08 16:44:35.923 Rappad[57804:70b] Multi-tasking -> Device: YES, App: YES
2014-09-08 16:44:35.931 Rappad[57804:70b] Unlimited access to network resources
2014-09-08 16:44:35.933 Rappad[57804:70b] 

Started backup to iCloud! Please be careful.
Your application might rejected by Apple if you store too much data.
For more information please read "iOS Data Storage Guidelines"
You could find it at the following address https://developer.apple.com/icloud/documentation/data-storage/ .

2014-09-08 16:44:36.007 Rappad[57804:70b] Resetting plugins due to page load.
2014-09-08 16:44:36.094 Rappad[57804:70b] Finished load of: file:///Users/amirsharif/Library/Application%20Support/iPhone%20Simulator/7.1/Applications/1788E40C-6B9E-4271-B0C7-621CA7CBF9E6/Rappad.app/www/index.html
2014-09-08 16:51:42.012 Rappad[57992:70b] Multi-tasking -> Device: YES, App: YES
2014-09-08 16:51:42.019 Rappad[57992:70b] Unlimited access to network resources
2014-09-08 16:51:42.021 Rappad[57992:70b] 

Started backup to iCloud! Please be careful.
Your application might rejected by Apple if you store too much data.
For more information please read "iOS Data Storage Guidelines"
You could find it at the following address https://developer.apple.com/icloud/documentation/data-storage/ .

2014-09-08 16:51:42.136 Rappad[57992:70b] Resetting plugins due to page load.
2014-09-08 16:51:42.257 Rappad[57992:70b] Finished load of: file:///Users/amirsharif/Library/Application%20Support/iPhone%20Simulator/7.1/Applications/1788E40C-6B9E-4271-B0C7-621CA7CBF9E6/Rappad.app/www/index.html
2014-09-08 21:14:24.271 Rappad[59212:70b] Multi-tasking -> Device: YES, App: YES
2014-09-08 21:14:24.278 Rappad[59212:70b] Unlimited access to network resources
2014-09-08 21:14:24.281 Rappad[59212:70b] 

Started backup to iCloud! Please be careful.
Your application might rejected by Apple if you store too much data.
For more information please read "iOS Data Storage Guidelines"
You could find it at the following address https://developer.apple.com/icloud/documentation/data-storage/ .

2014-09-08 21:14:24.470 Rappad[59212:70b] Resetting plugins due to page load.
2014-09-08 21:14:24.566 Rappad[59212:70b] Finished load of: file:///Users/amirsharif/Library/Application%20Support/iPhone%20Simulator/7.1/Applications/1788E40C-6B9E-4271-B0C7-621CA7CBF9E6/Rappad.app/www/index.html
2014-09-09 10:16:48.792 Rappad[59795:70b] Multi-tasking -> Device: YES, App: YES
2014-09-09 10:16:48.805 Rappad[59795:70b] Unlimited access to network resources
2014-09-09 10:16:48.808 Rappad[59795:70b] 

Started backup to iCloud! Please be careful.
Your application might rejected by Apple if you store too much data.
For more information please read "iOS Data Storage Guidelines"
You could find it at the following address https://developer.apple.com/icloud/documentation/data-storage/ .

2014-09-09 10:16:48.968 Rappad[59795:70b] Resetting plugins due to page load.
2014-09-09 10:16:49.133 Rappad[59795:70b] Finished load of: file:///Users/amirsharif/Library/Application%20Support/iPhone%20Simulator/7.1/Applications/1788E40C-6B9E-4271-B0C7-621CA7CBF9E6/Rappad.app/www/index.html
2014-09-09 10:19:53.269 Rappad[59911:70b] Multi-tasking -> Device: YES, App: YES
2014-09-09 10:19:53.277 Rappad[59911:70b] Unlimited access to network resources
2014-09-09 10:19:53.280 Rappad[59911:70b] 

Started backup to iCloud! Please be careful.
Your application might rejected by Apple if you store too much data.
For more information please read "iOS Data Storage Guidelines"
You could find it at the following address https://developer.apple.com/icloud/documentation/data-storage/ .

2014-09-09 10:19:53.336 Rappad[59911:70b] Resetting plugins due to page load.
2014-09-09 10:19:53.415 Rappad[59911:70b] Finished load of: file:///Users/amirsharif/Library/Application%20Support/iPhone%20Simulator/7.1/Applications/1788E40C-6B9E-4271-B0C7-621CA7CBF9E6/Rappad.app/www/index.html
2014-09-09 10:22:51.576 Rappad[60032:70b] Multi-tasking -> Device: YES, App: YES
2014-09-09 10:22:51.582 Rappad[60032:70b] Unlimited access to network resources
2014-09-09 10:22:51.585 Rappad[60032:70b] 

Started backup to iCloud! Please be careful.
Your application might rejected by Apple if you store too much data.
For more information please read "iOS Data Storage Guidelines"
You could find it at the following address https://developer.apple.com/icloud/documentation/data-storage/ .

2014-09-09 10:22:51.637 Rappad[60032:70b] Resetting plugins due to page load.
2014-09-09 10:22:51.709 Rappad[60032:70b] Finished load of: file:///Users/amirsharif/Library/Application%20Support/iPhone%20Simulator/7.1/Applications/1788E40C-6B9E-4271-B0C7-621CA7CBF9E6/Rappad.app/www/index.html
2014-09-09 10:30:04.396 Rappad[60171:70b] Multi-tasking -> Device: YES, App: YES
2014-09-09 10:30:04.402 Rappad[60171:70b] Unlimited access to network resources
2014-09-09 10:30:04.405 Rappad[60171:70b] 

Started backup to iCloud! Please be careful.
Your application might rejected by Apple if you store too much data.
For more information please read "iOS Data Storage Guidelines"
You could find it at the following address https://developer.apple.com/icloud/documentation/data-storage/ .

2014-09-09 10:30:04.458 Rappad[60171:70b] Resetting plugins due to page load.
2014-09-09 10:30:04.543 Rappad[60171:70b] Finished load of: file:///Users/amirsharif/Library/Application%20Support/iPhone%20Simulator/7.1/Applications/1788E40C-6B9E-4271-B0C7-621CA7CBF9E6/Rappad.app/www/index.html
2014-09-09 10:31:38.777 Rappad[60283:70b] Multi-tasking -> Device: YES, App: YES
2014-09-09 10:31:38.784 Rappad[60283:70b] Unlimited access to network resources
2014-09-09 10:31:38.787 Rappad[60283:70b] 

Started backup to iCloud! Please be careful.
Your application might rejected by Apple if you store too much data.
For more information please read "iOS Data Storage Guidelines"
You could find it at the following address https://developer.apple.com/icloud/documentation/data-storage/ .

2014-09-09 10:31:38.850 Rappad[60283:70b] Resetting plugins due to page load.
2014-09-09 10:31:38.938 Rappad[60283:70b] Finished load of: file:///Users/amirsharif/Library/Application%20Support/iPhone%20Simulator/7.1/Applications/1788E40C-6B9E-4271-B0C7-621CA7CBF9E6/Rappad.app/www/index.html
2014-09-09 10:33:36.133 Rappad[60397:70b] Multi-tasking -> Device: YES, App: YES
2014-09-09 10:33:36.141 Rappad[60397:70b] Unlimited access to network resources
2014-09-09 10:33:36.144 Rappad[60397:70b] 

Started backup to iCloud! Please be careful.
Your application might rejected by Apple if you store too much data.
For more information please read "iOS Data Storage Guidelines"
You could find it at the following address https://developer.apple.com/icloud/documentation/data-storage/ .

2014-09-09 10:33:36.197 Rappad[60397:70b] Resetting plugins due to page load.
2014-09-09 10:33:36.273 Rappad[60397:70b] Finished load of: file:///Users/amirsharif/Library/Application%20Support/iPhone%20Simulator/7.1/Applications/1788E40C-6B9E-4271-B0C7-621CA7CBF9E6/Rappad.app/www/index.html
2014-09-10 15:02:06.744 Rappad[68238:70b] Multi-tasking -> Device: YES, App: YES
2014-09-10 15:02:06.785 Rappad[68238:70b] Unlimited access to network resources
2014-09-10 15:02:06.790 Rappad[68238:70b] 

Started backup to iCloud! Please be careful.
Your application might rejected by Apple if you store too much data.
For more information please read "iOS Data Storage Guidelines"
You could find it at the following address https://developer.apple.com/icloud/documentation/data-storage/ .

2014-09-10 15:02:07.493 Rappad[68238:70b] Resetting plugins due to page load.
2014-09-10 15:02:07.830 Rappad[68238:70b] Finished load of: file:///Users/amirsharif/Library/Application%20Support/iPhone%20Simulator/7.1/Applications/1788E40C-6B9E-4271-B0C7-621CA7CBF9E6/Rappad.app/www/index.html
2014-09-10 15:03:38.250 Rappad[68359:70b] Multi-tasking -> Device: YES, App: YES
2014-09-10 15:03:38.257 Rappad[68359:70b] Unlimited access to network resources
2014-09-10 15:03:38.260 Rappad[68359:70b] 

Started backup to iCloud! Please be careful.
Your application might rejected by Apple if you store too much data.
For more information please read "iOS Data Storage Guidelines"
You could find it at the following address https://developer.apple.com/icloud/documentation/data-storage/ .

2014-09-10 15:03:38.332 Rappad[68359:70b] Resetting plugins due to page load.
2014-09-10 15:03:38.432 Rappad[68359:70b] Finished load of: file:///Users/amirsharif/Library/Application%20Support/iPhone%20Simulator/7.1/Applications/1788E40C-6B9E-4271-B0C7-621CA7CBF9E6/Rappad.app/www/index.html#dashboard
2014-09-10 15:13:16.053 Rappad[68510:70b] Multi-tasking -> Device: YES, App: YES
2014-09-10 15:13:16.061 Rappad[68510:70b] Unlimited access to network resources
2014-09-10 15:13:16.065 Rappad[68510:70b] 

Started backup to iCloud! Please be careful.
Your application might rejected by Apple if you store too much data.
For more information please read "iOS Data Storage Guidelines"
You could find it at the following address https://developer.apple.com/icloud/documentation/data-storage/ .

2014-09-10 15:13:16.184 Rappad[68510:70b] Resetting plugins due to page load.
2014-09-10 15:13:16.281 Rappad[68510:70b] Finished load of: file:///Users/amirsharif/Library/Application%20Support/iPhone%20Simulator/7.1/Applications/1788E40C-6B9E-4271-B0C7-621CA7CBF9E6/Rappad.app/www/index.html
